Using pre-set license
Built from '2020.3/release' branch; Version is '2020.3.7f1 (dd97f2c94397) revision 14522354'; Using compiler version '192528614'; Build Type 'Release'
OS: 'Windows 10 Home; OS build 19042.1165; Version 2009; 64bit' Language: 'en' Physical Memory: 16106 MB
BatchMode: 1, IsHumanControllingUs: 0, StartBugReporterOnCrash: 0, Is64bit: 1, IsPro: 0

 COMMAND LINE ARGUMENTS:
C:\Program Files\Unity\Hub\Editor\2020.3.7f1\Editor\Unity.exe
-adb2
-batchMode
-noUpm
-name
AssetImportWorker0
-projectPath
C:/Users/jorda/OneDrive/Documents/Unity Tutorial Projects/Data-Persistence-Project
-logFile
Logs/AssetImportWorker0.log
-srvPort
56494
Successfully changed project path to: C:/Users/jorda/OneDrive/Documents/Unity Tutorial Projects/Data-Persistence-Project
C:/Users/jorda/OneDrive/Documents/Unity Tutorial Projects/Data-Persistence-Project
Using Asset Import Pipeline V2.
Refreshing native plugins compatible for Editor in 84.86 ms, found 0 plugins.
Preloading 0 native plugins for Editor in 0.00 ms.
Initialize engine version: 2020.3.7f1 (dd97f2c94397)
[Subsystems] Discovering subsystems at path C:/Program Files/Unity/Hub/Editor/2020.3.7f1/Editor/Data/Resources/UnitySubsystems
[Subsystems] Discovering subsystems at path C:/Users/jorda/OneDrive/Documents/Unity Tutorial Projects/Data-Persistence-Project/Assets
GfxDevice: creating device client; threaded=0
Direct3D:
    Version:  Direct3D 11.0 [level 11.1]
    Renderer: Intel(R) Iris(R) Xe Graphics (ID=0x9a49)
    Vendor:   
    VRAM:     8053 MB
    Driver:   27.20.100.9664
Shader 'Universal Render Pipeline/Particles/Lit': fallback shader 'Universal Render Pipeline/Particles/SimpleLit' not found
Initialize mono
Mono path[0] = 'C:/Program Files/Unity/Hub/Editor/2020.3.7f1/Editor/Data/Managed'
Mono path[1] = 'C:/Program Files/Unity/Hub/Editor/2020.3.7f1/Editor/Data/MonoBleedingEdge/lib/mono/unityjit'
Mono config path = 'C:/Program Files/Unity/Hub/Editor/2020.3.7f1/Editor/Data/MonoBleedingEdge/etc'
Using monoOptions --debugger-agent=transport=dt_socket,embedding=1,server=y,suspend=n,address=127.0.0.1:56492
Begin MonoManager ReloadAssembly
Registering precompiled unity dll's ...
Register platform support module: C:/Program Files/Unity/Hub/Editor/2020.3.7f1/Editor/Data/PlaybackEngines/WebGLSupport/UnityEditor.WebGL.Extensions.dll
Register platform support module: C:/Program Files/Unity/Hub/Editor/2020.3.7f1/Editor/Data/PlaybackEngines/WindowsStandaloneSupport/UnityEditor.WindowsStandalone.Extensions.dll
Registered in 0.002204 seconds.
Native extension for WindowsStandalone target not found
Native extension for WebGL target not found
Refreshing native plugins compatible for Editor in 49.69 ms, found 0 plugins.
Preloading 0 native plugins for Editor in 0.00 ms.
Mono: successfully reloaded assembly
- Completed reload, in  1.421 seconds
Platform modules already initialized, skipping
Registering precompiled user dll's ...
Registered in 0.001231 seconds.
Begin MonoManager ReloadAssembly
Native extension for WindowsStandalone target not found
Native extension for WebGL target not found
Refreshing native plugins compatible for Editor in 47.91 ms, found 0 plugins.
Preloading 0 native plugins for Editor in 0.00 ms.
Mono: successfully reloaded assembly
- Completed reload, in  0.927 seconds
Platform modules already initialized, skipping
========================================================================
Worker process is ready to serve import requests
Shader 'Universal Render Pipeline/Particles/Lit': fallback shader 'Universal Render Pipeline/Particles/SimpleLit' not found
Launched and connected shader compiler UnityShaderCompiler.exe after 0.04 seconds
Refreshing native plugins compatible for Editor in 0.54 ms, found 0 plugins.
Preloading 0 native plugins for Editor in 0.00 ms.
Unloading 2422 Unused Serialized files (Serialized files now loaded: 0)
System memory in use before: 114.3 MB.
System memory in use after: 114.5 MB.

Unloading 10 unused Assets to reduce memory usage. Loaded Objects now: 2863.
Total: 3.049700 ms (FindLiveObjects: 0.230700 ms CreateObjectMapping: 0.076500 ms MarkObjects: 2.636500 ms  DeleteObjects: 0.104500 ms)

========================================================================
Received Import Request.
  path: Assets/Bounce.physicMaterial
  artifactKey: Guid(bc24b7fc41d5dfb4698e2ca16a37dfad) Importer(815301076,1909f56bfc062723c751e8b465ee728b)
Start importing Assets/Bounce.physicMaterial using Guid(bc24b7fc41d5dfb4698e2ca16a37dfad) Importer(815301076,1909f56bfc062723c751e8b465ee728b)  -> (artifact id: 'e011b0fd221a2873da7883cb90621536') in 0.036258 seconds
  Import took 0.040716 seconds .

========================================================================
Received Import Request.
  Time since last request: 38.630933 seconds.
  path: Assets/Scenes
  artifactKey: Guid(b3d8a22b2eaae1048a5db3be5ce09cb2) Importer(815301076,1909f56bfc062723c751e8b465ee728b)
Start importing Assets/Scenes using Guid(b3d8a22b2eaae1048a5db3be5ce09cb2) Importer(815301076,1909f56bfc062723c751e8b465ee728b)  -> (artifact id: 'c2436d515bf46b218cc8ff835d26ba5b') in 0.011705 seconds
  Import took 0.017673 seconds .

========================================================================
Received Import Request.
  Time since last request: 0.932036 seconds.
  path: Assets/Scenes/main.unity
  artifactKey: Guid(78a510c781f19db4da14f78ebb30946a) Importer(815301076,1909f56bfc062723c751e8b465ee728b)
Start importing Assets/Scenes/main.unity using Guid(78a510c781f19db4da14f78ebb30946a) Importer(815301076,1909f56bfc062723c751e8b465ee728b)  -> (artifact id: '307897d572d1294bacce094e45c1f3f0') in 0.014103 seconds
  Import took 0.026061 seconds .

========================================================================
Received Prepare
Registering precompiled user dll's ...
Registered in 0.001303 seconds.
Begin MonoManager ReloadAssembly
Native extension for WindowsStandalone target not found
Native extension for WebGL target not found
Refreshing native plugins compatible for Editor in 0.81 ms, found 0 plugins.
Preloading 0 native plugins for Editor in 0.00 ms.
Mono: successfully reloaded assembly
- Completed reload, in  0.984 seconds
Platform modules already initialized, skipping
Shader 'Universal Render Pipeline/Particles/Lit': fallback shader 'Universal Render Pipeline/Particles/SimpleLit' not found
Refreshing native plugins compatible for Editor in 0.43 ms, found 0 plugins.
Preloading 0 native plugins for Editor in 0.00 ms.
Unloading 2313 Unused Serialized files (Serialized files now loaded: 0)
System memory in use before: 107.3 MB.
System memory in use after: 107.6 MB.

Unloading 5 unused Assets to reduce memory usage. Loaded Objects now: 2866.
Total: 2.665100 ms (FindLiveObjects: 0.512100 ms CreateObjectMapping: 0.121300 ms MarkObjects: 2.005400 ms  DeleteObjects: 0.024300 ms)

========================================================================
Received Import Request.
  Time since last request: 300.105654 seconds.
  path: Assets/Scenes/menu.unity
  artifactKey: Guid(eb2b5270dc04da14182baffc982c2af7) Importer(815301076,1909f56bfc062723c751e8b465ee728b)
Start importing Assets/Scenes/menu.unity using Guid(eb2b5270dc04da14182baffc982c2af7) Importer(815301076,1909f56bfc062723c751e8b465ee728b)  -> (artifact id: 'b3ad0313f783cfcaa16d2e95e05d5c88') in 0.036994 seconds
  Import took 0.044704 seconds .

========================================================================
Received Import Request.
  Time since last request: 231.980338 seconds.
  path: Assets/Scripts/MainManager.cs
  artifactKey: Guid(d110623a642692246a42fbc2d8d89884) Importer(815301076,1909f56bfc062723c751e8b465ee728b)
Start importing Assets/Scripts/MainManager.cs using Guid(d110623a642692246a42fbc2d8d89884) Importer(815301076,1909f56bfc062723c751e8b465ee728b)  -> (artifact id: 'c840ff90a468c841c11efe49801efa9b') in 0.022319 seconds
  Import took 0.030301 seconds .

========================================================================
Received Import Request.
  Time since last request: 0.001378 seconds.
  path: Assets/Scripts/MainManager.cs
  artifactKey: Guid(d110623a642692246a42fbc2d8d89884) Importer(815301076,1909f56bfc062723c751e8b465ee728b)
Start importing Assets/Scripts/MainManager.cs using Guid(d110623a642692246a42fbc2d8d89884) Importer(815301076,1909f56bfc062723c751e8b465ee728b)  -> (artifact id: 'c840ff90a468c841c11efe49801efa9b') in 0.004126 seconds
  Import took 0.009564 seconds .

========================================================================
Received Import Request.
  Time since last request: 1097.092795 seconds.
  path: Assets/Scripts
  artifactKey: Guid(02a3527b6b33a924e8ec66aa805ea717) Importer(815301076,1909f56bfc062723c751e8b465ee728b)
Start importing Assets/Scripts using Guid(02a3527b6b33a924e8ec66aa805ea717) Importer(815301076,1909f56bfc062723c751e8b465ee728b)  -> (artifact id: 'b344c0b82b8aa901179a7864745fc067') in 0.016241 seconds
  Import took 0.023752 seconds .

========================================================================
Received Import Request.
  Time since last request: 13.190528 seconds.
  path: Assets/Scripts/MenuUIHandler.cs
  artifactKey: Guid(aa0564489f30d0e428f4940bc84905d5) Importer(815301076,1909f56bfc062723c751e8b465ee728b)
Start importing Assets/Scripts/MenuUIHandler.cs using Guid(aa0564489f30d0e428f4940bc84905d5) Importer(815301076,1909f56bfc062723c751e8b465ee728b)  -> (artifact id: '4f3d20a5820679add918ae1432c75ef9') in 0.011829 seconds
  Import took 0.020027 seconds .

========================================================================
Received Prepare
Registering precompiled user dll's ...
Registered in 0.001217 seconds.
Begin MonoManager ReloadAssembly
Native extension for WindowsStandalone target not found
Native extension for WebGL target not found
Refreshing native plugins compatible for Editor in 0.59 ms, found 0 plugins.
Preloading 0 native plugins for Editor in 0.00 ms.
Mono: successfully reloaded assembly
- Completed reload, in  1.133 seconds
Platform modules already initialized, skipping
Shader 'Universal Render Pipeline/Particles/Lit': fallback shader 'Universal Render Pipeline/Particles/SimpleLit' not found
Refreshing native plugins compatible for Editor in 0.38 ms, found 0 plugins.
Preloading 0 native plugins for Editor in 0.00 ms.
Unloading 2314 Unused Serialized files (Serialized files now loaded: 0)
System memory in use before: 107.4 MB.
System memory in use after: 107.6 MB.

Unloading 5 unused Assets to reduce memory usage. Loaded Objects now: 2870.
Total: 2.635300 ms (FindLiveObjects: 0.287200 ms CreateObjectMapping: 0.116100 ms MarkObjects: 2.208500 ms  DeleteObjects: 0.022200 ms)

========================================================================
Received Prepare
Registering precompiled user dll's ...
Registered in 0.002032 seconds.
Begin MonoManager ReloadAssembly
Native extension for WindowsStandalone target not found
Native extension for WebGL target not found
Refreshing native plugins compatible for Editor in 0.58 ms, found 0 plugins.
Preloading 0 native plugins for Editor in 0.00 ms.
Mono: successfully reloaded assembly
- Completed reload, in  0.982 seconds
Platform modules already initialized, skipping
Shader 'Universal Render Pipeline/Particles/Lit': fallback shader 'Universal Render Pipeline/Particles/SimpleLit' not found
Refreshing native plugins compatible for Editor in 0.64 ms, found 0 plugins.
Preloading 0 native plugins for Editor in 0.00 ms.
Unloading 2314 Unused Serialized files (Serialized files now loaded: 0)
System memory in use before: 107.4 MB.
System memory in use after: 107.7 MB.

Unloading 5 unused Assets to reduce memory usage. Loaded Objects now: 2873.
Total: 3.513100 ms (FindLiveObjects: 0.479100 ms CreateObjectMapping: 0.188500 ms MarkObjects: 2.810500 ms  DeleteObjects: 0.033000 ms)

========================================================================
Received Import Request.
  Time since last request: 78.993760 seconds.
  path: Assets/Scripts/MenuUIHandler.cs
  artifactKey: Guid(aa0564489f30d0e428f4940bc84905d5) Importer(815301076,1909f56bfc062723c751e8b465ee728b)
Start importing Assets/Scripts/MenuUIHandler.cs using Guid(aa0564489f30d0e428f4940bc84905d5) Importer(815301076,1909f56bfc062723c751e8b465ee728b)  -> (artifact id: '147065a4ce3378162241c258ae1cf38b') in 0.008455 seconds
  Import took 0.015373 seconds .

========================================================================
Received Import Request.
  Time since last request: 199.838873 seconds.
  path: Assets/Scripts/MenuUIHandler.cs
  artifactKey: Guid(aa0564489f30d0e428f4940bc84905d5) Importer(815301076,1909f56bfc062723c751e8b465ee728b)
Start importing Assets/Scripts/MenuUIHandler.cs using Guid(aa0564489f30d0e428f4940bc84905d5) Importer(815301076,1909f56bfc062723c751e8b465ee728b)  -> (artifact id: 'a437d01c9cde8d16eb5b201ac4206e54') in 0.005937 seconds
  Import took 0.017702 seconds .

========================================================================
Received Import Request.
  Time since last request: 0.021472 seconds.
  path: Assets/Scripts/MenuUIHandler.cs
  artifactKey: Guid(aa0564489f30d0e428f4940bc84905d5) Importer(815301076,1909f56bfc062723c751e8b465ee728b)
Start importing Assets/Scripts/MenuUIHandler.cs using Guid(aa0564489f30d0e428f4940bc84905d5) Importer(815301076,1909f56bfc062723c751e8b465ee728b)  -> (artifact id: 'a437d01c9cde8d16eb5b201ac4206e54') in 0.010321 seconds
  Import took 0.016279 seconds .

========================================================================
Received Import Request.
  Time since last request: 30.117066 seconds.
  path: Assets/Scripts/MenuUIHandler.cs
  artifactKey: Guid(aa0564489f30d0e428f4940bc84905d5) Importer(815301076,1909f56bfc062723c751e8b465ee728b)
Start importing Assets/Scripts/MenuUIHandler.cs using Guid(aa0564489f30d0e428f4940bc84905d5) Importer(815301076,1909f56bfc062723c751e8b465ee728b)  -> (artifact id: 'a3df5c459914b5d7ea13d48b7224b0a8') in 0.010697 seconds
  Import took 0.017621 seconds .

========================================================================
Received Import Request.
  Time since last request: 13.532764 seconds.
  path: Assets/Scripts/MenuUIHandler.cs
  artifactKey: Guid(aa0564489f30d0e428f4940bc84905d5) Importer(815301076,1909f56bfc062723c751e8b465ee728b)
Start importing Assets/Scripts/MenuUIHandler.cs using Guid(aa0564489f30d0e428f4940bc84905d5) Importer(815301076,1909f56bfc062723c751e8b465ee728b)  -> (artifact id: 'b958c7aeaaf749f25b26dfaffaa3769d') in 0.017221 seconds
  Import took 0.027318 seconds .

========================================================================
Received Prepare
Registering precompiled user dll's ...
Registered in 0.001987 seconds.
Begin MonoManager ReloadAssembly
Native extension for WindowsStandalone target not found
Native extension for WebGL target not found
Refreshing native plugins compatible for Editor in 0.56 ms, found 0 plugins.
Preloading 0 native plugins for Editor in 0.00 ms.
Mono: successfully reloaded assembly
- Completed reload, in  1.121 seconds
Platform modules already initialized, skipping
Shader 'Universal Render Pipeline/Particles/Lit': fallback shader 'Universal Render Pipeline/Particles/SimpleLit' not found
Refreshing native plugins compatible for Editor in 0.39 ms, found 0 plugins.
Preloading 0 native plugins for Editor in 0.00 ms.
Unloading 2314 Unused Serialized files (Serialized files now loaded: 0)
System memory in use before: 107.5 MB.
System memory in use after: 107.7 MB.

Unloading 5 unused Assets to reduce memory usage. Loaded Objects now: 2876.
Total: 2.230100 ms (FindLiveObjects: 0.239100 ms CreateObjectMapping: 0.082000 ms MarkObjects: 1.885400 ms  DeleteObjects: 0.022000 ms)

========================================================================
Received Import Request.
  Time since last request: 20.903905 seconds.
  path: Assets/Scripts/MenuUIHandler.cs
  artifactKey: Guid(aa0564489f30d0e428f4940bc84905d5) Importer(815301076,1909f56bfc062723c751e8b465ee728b)
Start importing Assets/Scripts/MenuUIHandler.cs using Guid(aa0564489f30d0e428f4940bc84905d5) Importer(815301076,1909f56bfc062723c751e8b465ee728b)  -> (artifact id: 'a6397378dd7b82f0027eb030e376c45c') in 0.007900 seconds
  Import took 0.014039 seconds .

========================================================================
Received Prepare
Registering precompiled user dll's ...
Registered in 0.001445 seconds.
Begin MonoManager ReloadAssembly
Native extension for WindowsStandalone target not found
Native extension for WebGL target not found
Refreshing native plugins compatible for Editor in 0.46 ms, found 0 plugins.
Preloading 0 native plugins for Editor in 0.00 ms.
Mono: successfully reloaded assembly
- Completed reload, in  1.054 seconds
Platform modules already initialized, skipping
Shader 'Universal Render Pipeline/Particles/Lit': fallback shader 'Universal Render Pipeline/Particles/SimpleLit' not found
Refreshing native plugins compatible for Editor in 0.52 ms, found 0 plugins.
Preloading 0 native plugins for Editor in 0.00 ms.
Unloading 2314 Unused Serialized files (Serialized files now loaded: 0)
System memory in use before: 107.4 MB.
System memory in use after: 107.6 MB.

Unloading 5 unused Assets to reduce memory usage. Loaded Objects now: 2879.
Total: 3.397200 ms (FindLiveObjects: 0.333100 ms CreateObjectMapping: 0.173500 ms MarkObjects: 2.866100 ms  DeleteObjects: 0.021200 ms)

========================================================================
Received Import Request.
  Time since last request: 319.413472 seconds.
  path: Assets/Scenes/menu.unity
  artifactKey: Guid(eb2b5270dc04da14182baffc982c2af7) Importer(815301076,1909f56bfc062723c751e8b465ee728b)
Start importing Assets/Scenes/menu.unity using Guid(eb2b5270dc04da14182baffc982c2af7) Importer(815301076,1909f56bfc062723c751e8b465ee728b)  -> (artifact id: '213d4451ca1ffd9a0002c18d6b9dcca9') in 0.023579 seconds
  Import took 0.031696 seconds .

========================================================================
Received Prepare
Registering precompiled user dll's ...
Registered in 0.002341 seconds.
Begin MonoManager ReloadAssembly
Native extension for WindowsStandalone target not found
Native extension for WebGL target not found
Refreshing native plugins compatible for Editor in 0.35 ms, found 0 plugins.
Preloading 0 native plugins for Editor in 0.00 ms.
Mono: successfully reloaded assembly
- Completed reload, in  1.164 seconds
Platform modules already initialized, skipping
Shader 'Universal Render Pipeline/Particles/Lit': fallback shader 'Universal Render Pipeline/Particles/SimpleLit' not found
Refreshing native plugins compatible for Editor in 0.62 ms, found 0 plugins.
Preloading 0 native plugins for Editor in 0.00 ms.
Unloading 2314 Unused Serialized files (Serialized files now loaded: 0)
System memory in use before: 107.5 MB.
System memory in use after: 107.7 MB.

Unloading 5 unused Assets to reduce memory usage. Loaded Objects now: 2882.
Total: 2.318700 ms (FindLiveObjects: 0.361400 ms CreateObjectMapping: 0.110400 ms MarkObjects: 1.820300 ms  DeleteObjects: 0.025000 ms)

